<?xml version="1.0" encoding="UTF-8"?>
<!-- Generated by org.testng.reporters.JUnitXMLReporter -->
<testsuite ignored="0" hostname="DESKTOP-JSL5O87" failures="0" tests="3" name="Default test" time="12.583" errors="0" timestamp="2024-02-25T21:58:07 IST">
  <testcase classname="Day1.HTTPRequest" name="getUser" time="7.747"/>
  <testcase classname="Day1.HTTPRequest" name="createUser" time="3.98"/>
  <testcase classname="Day1.HTTPRequest" name="updateUser" time="0.639"/>
</testsuite> <!-- Default test -->
