<?xml version="1.0" encoding="UTF-8"?>
<testng-results ignored="0" total="3" passed="3" failed="0" skipped="0">
  <reporter-output>
  </reporter-output>
  <suite started-at="2024-02-25T21:57:55 IST" name="Default suite" finished-at="2024-02-25T21:58:07 IST" duration-ms="12583">
    <groups>
    </groups>
    <test started-at="2024-02-25T21:57:55 IST" name="Default test" finished-at="2024-02-25T21:58:07 IST" duration-ms="12583">
      <class name="Day1.HTTPRequest">
        <test-method signature="getUser()[pri:1, instance:Day1.HTTPRequest@3c19aaa5]" started-at="2024-02-25T21:57:55 IST" name="getUser" finished-at="2024-02-25T21:58:03 IST" duration-ms="7747" status="PASS">
          <reporter-output>
          </reporter-output>
        </test-method> <!-- getUser -->
        <test-method signature="createUser()[pri:2, instance:Day1.HTTPRequest@3c19aaa5]" started-at="2024-02-25T21:58:03 IST" name="createUser" finished-at="2024-02-25T21:58:07 IST" duration-ms="3980" status="PASS">
          <reporter-output>
          </reporter-output>
        </test-method> <!-- createUser -->
        <test-method signature="updateUser()[pri:3, instance:Day1.HTTPRequest@3c19aaa5]" started-at="2024-02-25T21:58:07 IST" name="updateUser" finished-at="2024-02-25T21:58:07 IST" duration-ms="639" status="PASS">
          <reporter-output>
          </reporter-output>
        </test-method> <!-- updateUser -->
      </class> <!-- Day1.HTTPRequest -->
    </test> <!-- Default test -->
  </suite> <!-- Default suite -->
</testng-results>
